

Microchip MPLAB XC8 Assembler V2.36 build 20220127204148 
                                                                                               Sun Nov 13 23:54:08 2022

Microchip MPLAB XC8 C Compiler v2.36 (Free license) build 20220127204148 Og9 
     1                           	processor	16F84A
     2                           	pagewidth 120
     3                           	opt	flic
     4                           	psect	cinit,global,class=CODE,merge=1,delta=2
     5                           	psect	cstackBANK0,global,class=BANK0,space=1,delta=1,noexec
     6                           	psect	maintext,global,class=CODE,split=1,delta=2
     7                           	psect	config,global,abs,ovrld,class=CONFIG,space=4,delta=2,noexec
     8                           	dabs	1,0x4E,2
     9  0000                     
    10                           ; Version 2.36
    11                           ; Generated 28/01/2022 GMT
    12                           ; 
    13                           ; Copyright © 2022, Microchip Technology Inc. and its subsidiaries ("Microchip")
    14                           ; All rights reserved.
    15                           ; 
    16                           ; This software is developed by Microchip Technology Inc. and its subsidiaries ("Microch
      +                          ip").
    17                           ; 
    18                           ; Redistribution and use in source and binary forms, with or without modification, are
    19                           ; permitted provided that the following conditions are met:
    20                           ; 
    21                           ;     1. Redistributions of source code must retain the above copyright notice, this lis
      +                          t of
    22                           ;        conditions and the following disclaimer.
    23                           ; 
    24                           ;     2. Redistributions in binary form must reproduce the above copyright notice, this 
      +                          list
    25                           ;        of conditions and the following disclaimer in the documentation and/or other
    26                           ;        materials provided with the distribution. Publication is not required when
    27                           ;        this file is used in an embedded application.
    28                           ; 
    29                           ;     3. Microchip's name may not be used to endorse or promote products derived from th
      +                          is
    30                           ;        software without specific prior written permission.
    31                           ; 
    32                           ; THIS SOFTWARE IS PROVIDED BY MICROCHIP "AS IS" AND ANY EXPRESS OR IMPLIED WARRANTIES,
    33                           ; INCLUDING, BUT NOT LIMITED TO, THE IMPLIED WARRANTIES OF MERCHANTABILITY AND FITNESS F
      +                          OR
    34                           ; PURPOSE ARE DISCLAIMED.  IN NO EVENT SHALL MICROCHIP BE LIABLE FOR ANY DIRECT, INDIREC
      +                          T,
    35                           ; INCIDENTAL, SPECIAL, EXEMPLARY, OR CONSEQUENTIAL DAMAGES (INCLUDING BUT NOT LIMITED TO
    36                           ; PROCUREMENT OF SUBSTITUTE GOODS OR SERVICES; LOSS OF USE, DATA OR PROFITS; OR BUSINESS
    37                           ; INTERRUPTION) HOWSOEVER CAUSED AND ON ANY THEORY OF LIABILITY, WHETHER IN CONTRACT, ST
      +                          RICT
    38                           ; LIABILITY, OR TORT (INCLUDING NEGLIGENCE OR OTHERWISE) ARISING IN ANY WAY OUT OF THE U
      +                          SE OF
    39                           ; THIS SOFTWARE, EVEN IF ADVISED OF THE POSSIBILITY OF SUCH DAMAGE.
    40                           ; 
    41                           ; 
    42                           ; Code-generator required, PIC16F84A Definitions
    43                           ; 
    44                           ; SFR Addresses
    45  0000                     	;# 
    46  0001                     	;# 
    47  0002                     	;# 
    48  0003                     	;# 
    49  0004                     	;# 
    50  0005                     	;# 
    51  0006                     	;# 
    52  0008                     	;# 
    53  0009                     	;# 
    54  000A                     	;# 
    55  000B                     	;# 
    56  0081                     	;# 
    57  0085                     	;# 
    58  0086                     	;# 
    59  0088                     	;# 
    60  0089                     	;# 
    61  0000                     	;# 
    62  0001                     	;# 
    63  0002                     	;# 
    64  0003                     	;# 
    65  0004                     	;# 
    66  0005                     	;# 
    67  0006                     	;# 
    68  0008                     	;# 
    69  0009                     	;# 
    70  000A                     	;# 
    71  000B                     	;# 
    72  0081                     	;# 
    73  0085                     	;# 
    74  0086                     	;# 
    75  0088                     	;# 
    76  0089                     	;# 
    77  0006                     _PORTB	set	6
    78  0086                     _TRISB	set	134
    79                           
    80                           	psect	cinit
    81  03FE                     start_initialization:	
    82                           ; #config settings
    83                           
    84  03FE                     __initialization:
    85  03FE                     end_of_initialization:	
    86                           ;End of C runtime variable initialization code
    87                           
    88  03FE                     __end_of__initialization:
    89  03FE  0183               	clrf	3
    90  03FF  2BDC               	ljmp	_main	;jump to C main() function
    91                           
    92                           	psect	cstackBANK0
    93  000C                     __pcstackBANK0:
    94  000C                     ?_main:
    95  000C                     ??_main:	
    96                           ; 1 bytes @ 0x0
    97                           
    98                           
    99                           ; 1 bytes @ 0x0
   100  000C                     	ds	3
   101                           
   102                           	psect	maintext
   103  03DC                     __pmaintext:	
   104 ;;
   105 ;;Main: autosize = 0, tempsize = 3, incstack = 0, save=0
   106 ;;
   107 ;; *************** function _main *****************
   108 ;; Defined at:
   109 ;;		line 18 in file "FLASH_BLINK_16F84A.c"
   110 ;; Parameters:    Size  Location     Type
   111 ;;		None
   112 ;; Auto vars:     Size  Location     Type
   113 ;;		None
   114 ;; Return value:  Size  Location     Type
   115 ;;                  1    wreg      void 
   116 ;; Registers used:
   117 ;;		wreg, status,2
   118 ;; Tracked objects:
   119 ;;		On entry : B00/0
   120 ;;		On exit  : 0/0
   121 ;;		Unchanged: 0/0
   122 ;; Data sizes:     COMMON   BANK0
   123 ;;      Params:         0       0
   124 ;;      Locals:         0       0
   125 ;;      Temps:          0       3
   126 ;;      Totals:         0       3
   127 ;;Total ram usage:        3 bytes
   128 ;; This function calls:
   129 ;;		Nothing
   130 ;; This function is called by:
   131 ;;		Startup code after reset
   132 ;; This function uses a non-reentrant model
   133 ;;
   134                           
   135  03DC                     _main:	
   136                           ;psect for function _main
   137                           
   138                           
   139                           ;FLASH_BLINK_16F84A.c: 21: TRISB= 0x00;
   140                           
   141                           ;incstack = 0
   142                           ; Regs used in _main: [wreg+status,2]
   143  03DC  1683               	bsf	3,5	;RP0=1, select bank1
   144  03DD  0186               	clrf	6	;volatile
   145  03DE                     l555:
   146                           
   147                           ;FLASH_BLINK_16F84A.c: 25: PORTB=0x01;
   148  03DE  3001               	movlw	1
   149  03DF  1283               	bcf	3,5	;RP0=0, select bank0
   150  03E0  0086               	movwf	6	;volatile
   151                           
   152                           ;FLASH_BLINK_16F84A.c: 26: _delay((unsigned long)((500)*(4000000/4000.0)));
   153  03E1  3003               	movlw	3
   154  03E2  008E               	movwf	??_main+2
   155  03E3  308A               	movlw	138
   156  03E4  008D               	movwf	??_main+1
   157  03E5  3055               	movlw	85
   158  03E6  008C               	movwf	??_main
   159  03E7                     u17:
   160  03E7  0B8C               	decfsz	??_main,f
   161  03E8  2BE7               	goto	u17
   162  03E9  0B8D               	decfsz	??_main+1,f
   163  03EA  2BE7               	goto	u17
   164  03EB  0B8E               	decfsz	??_main+2,f
   165  03EC  2BE7               	goto	u17
   166  03ED  2BEE               	nop2
   167                           
   168                           ;FLASH_BLINK_16F84A.c: 27: PORTB=0x00;
   169  03EE  1283               	bcf	3,5	;RP0=0, select bank0
   170  03EF  0186               	clrf	6	;volatile
   171                           
   172                           ;FLASH_BLINK_16F84A.c: 28: _delay((unsigned long)((500)*(4000000/4000.0)));
   173  03F0  3003               	movlw	3
   174  03F1  008E               	movwf	??_main+2
   175  03F2  308A               	movlw	138
   176  03F3  008D               	movwf	??_main+1
   177  03F4  3055               	movlw	85
   178  03F5  008C               	movwf	??_main
   179  03F6                     u27:
   180  03F6  0B8C               	decfsz	??_main,f
   181  03F7  2BF6               	goto	u27
   182  03F8  0B8D               	decfsz	??_main+1,f
   183  03F9  2BF6               	goto	u27
   184  03FA  0B8E               	decfsz	??_main+2,f
   185  03FB  2BF6               	goto	u27
   186  03FC  2BFD               	nop2
   187  03FD  2BDE               	goto	l555
   188  03FE                     __end_of_main:
   189  004E                     btemp	set	78	;btemp
   190  004E                     wtemp0	set	78
   191                           
   192                           	psect	config
   193                           
   194                           ;Config register CONFIG @ 0x2007
   195                           ;	Oscillator Selection bits
   196                           ;	FOSC = HS, HS oscillator
   197                           ;	Watchdog Timer
   198                           ;	WDTE = OFF, WDT disabled
   199                           ;	Power-up Timer Enable bit
   200                           ;	PWRTE = ON, Power-up Timer is enabled
   201                           ;	Code Protection bit
   202                           ;	CP = ON, All program memory is code protected
   203  2007                     	org	8199
   204  2007  0002               	dw	2

Data Sizes:
    Strings     0
    Constant    0
    Data        0
    BSS         0
    Persistent  0
    Stack       0

Auto Spaces:
    Space          Size  Autos    Used
    COMMON            0      0       0
    BANK0            66      3       3

Pointer List with Targets:

    None.

Critical Paths under _main in COMMON

    None.

Critical Paths under _main in BANK0

    None.

Call Graph Tables:

 ---------------------------------------------------------------------------------
 (Depth) Function   	        Calls       Base Space   Used Autos Params    Refs
 ---------------------------------------------------------------------------------
 (0) _main                                                 3     3      0       0
                                              0 BANK0      3     3      0
 ---------------------------------------------------------------------------------
 Estimated maximum stack depth 0
 ---------------------------------------------------------------------------------

 Call Graph Graphs:

 _main (ROOT)

 Address spaces:
Name               Size   Autos  Total    Cost      Usage
BITCOMMON            0      0       0       0        0.0%
EEDATA              40      0       0       0        0.0%
NULL                 0      0       0       0        0.0%
CODE                 0      0       0       0        0.0%
BITSFR0              0      0       0       1        0.0%
SFR0                 0      0       0       1        0.0%
COMMON               0      0       0       1        0.0%
BITSFR1              0      0       0       2        0.0%
SFR1                 0      0       0       2        0.0%
STACK                0      0       0       2        0.0%
BANK0               42      3       3       3        4.5%
ABS                  0      0       0       4        0.0%
BITBANK0            42      0       0       5        0.0%
DATA                 0      0       0       6        0.0%


Microchip Technology PIC Macro Assembler V2.36 build 20220127204148 
Symbol Table                                                                                   Sun Nov 13 23:54:08 2022

                     u17 03E7                       u27 03F6                      l555 03DE  
                   _main 03DC                     btemp 004E                     start 0000  
                  ?_main 000C                    _PORTB 0006                    _TRISB 0086  
                  status 0003                    wtemp0 004E          __initialization 03FE  
           __end_of_main 03FE                   ??_main 000C  __end_of__initialization 03FE  
             __pmaintext 03DC     end_of_initialization 03FE      start_initialization 03FE  
              ___latbits 0000            __pcstackBANK0 000C  
