

Microchip MPLAB XC8 Assembler V2.36 build 20220127204148 
                                                                                               Mon Nov 21 22:11:49 2022

Microchip MPLAB XC8 C Compiler v2.36 (Free license) build 20220127204148 Og9 
     1                           	processor	16F84A
     2                           	pagewidth 120
     3                           	opt	flic
     4                           	psect	cinit,global,class=CODE,merge=1,delta=2
     5                           	psect	cstackBANK0,global,class=BANK0,space=1,delta=1,noexec
     6                           	psect	maintext,global,class=CODE,split=1,delta=2
     7                           	psect	config,global,abs,ovrld,class=CONFIG,space=4,delta=2,noexec
     8                           	dabs	1,0x4E,2
     9  0000                     
    10                           ; Version 2.36
    11                           ; Generated 28/01/2022 GMT
    12                           ; 
    13                           ; Copyright © 2022, Microchip Technology Inc. and its subsidiaries ("Microchip")
    14                           ; All rights reserved.
    15                           ; 
    16                           ; This software is developed by Microchip Technology Inc. and its subsidiaries ("Microch
      +                          ip").
    17                           ; 
    18                           ; Redistribution and use in source and binary forms, with or without modification, are
    19                           ; permitted provided that the following conditions are met:
    20                           ; 
    21                           ;     1. Redistributions of source code must retain the above copyright notice, this lis
      +                          t of
    22                           ;        conditions and the following disclaimer.
    23                           ; 
    24                           ;     2. Redistributions in binary form must reproduce the above copyright notice, this 
      +                          list
    25                           ;        of conditions and the following disclaimer in the documentation and/or other
    26                           ;        materials provided with the distribution. Publication is not required when
    27                           ;        this file is used in an embedded application.
    28                           ; 
    29                           ;     3. Microchip's name may not be used to endorse or promote products derived from th
      +                          is
    30                           ;        software without specific prior written permission.
    31                           ; 
    32                           ; THIS SOFTWARE IS PROVIDED BY MICROCHIP "AS IS" AND ANY EXPRESS OR IMPLIED WARRANTIES,
    33                           ; INCLUDING, BUT NOT LIMITED TO, THE IMPLIED WARRANTIES OF MERCHANTABILITY AND FITNESS F
      +                          OR
    34                           ; PURPOSE ARE DISCLAIMED.  IN NO EVENT SHALL MICROCHIP BE LIABLE FOR ANY DIRECT, INDIREC
      +                          T,
    35                           ; INCIDENTAL, SPECIAL, EXEMPLARY, OR CONSEQUENTIAL DAMAGES (INCLUDING BUT NOT LIMITED TO
    36                           ; PROCUREMENT OF SUBSTITUTE GOODS OR SERVICES; LOSS OF USE, DATA OR PROFITS; OR BUSINESS
    37                           ; INTERRUPTION) HOWSOEVER CAUSED AND ON ANY THEORY OF LIABILITY, WHETHER IN CONTRACT, ST
      +                          RICT
    38                           ; LIABILITY, OR TORT (INCLUDING NEGLIGENCE OR OTHERWISE) ARISING IN ANY WAY OUT OF THE U
      +                          SE OF
    39                           ; THIS SOFTWARE, EVEN IF ADVISED OF THE POSSIBILITY OF SUCH DAMAGE.
    40                           ; 
    41                           ; 
    42                           ; Code-generator required, PIC16F84A Definitions
    43                           ; 
    44                           ; SFR Addresses
    45  0000                     	;# 
    46  0001                     	;# 
    47  0002                     	;# 
    48  0003                     	;# 
    49  0004                     	;# 
    50  0005                     	;# 
    51  0006                     	;# 
    52  0008                     	;# 
    53  0009                     	;# 
    54  000A                     	;# 
    55  000B                     	;# 
    56  0081                     	;# 
    57  0085                     	;# 
    58  0086                     	;# 
    59  0088                     	;# 
    60  0089                     	;# 
    61  0000                     	;# 
    62  0001                     	;# 
    63  0002                     	;# 
    64  0003                     	;# 
    65  0004                     	;# 
    66  0005                     	;# 
    67  0006                     	;# 
    68  0008                     	;# 
    69  0009                     	;# 
    70  000A                     	;# 
    71  000B                     	;# 
    72  0081                     	;# 
    73  0085                     	;# 
    74  0086                     	;# 
    75  0088                     	;# 
    76  0089                     	;# 
    77  0006                     _PORTB	set	6
    78  0031                     _RB1	set	49
    79  0086                     _TRISB	set	134
    80                           
    81                           	psect	cinit
    82  03FE                     start_initialization:	
    83                           ; #config settings
    84                           
    85  03FE                     __initialization:
    86  03FE                     end_of_initialization:	
    87                           ;End of C runtime variable initialization code
    88                           
    89  03FE                     __end_of__initialization:
    90  03FE  0183               	clrf	3
    91  03FF  2BF0               	ljmp	_main	;jump to C main() function
    92                           
    93                           	psect	cstackBANK0
    94  000C                     __pcstackBANK0:
    95  000C                     ?_main:
    96  000C                     ??_main:	
    97                           ; 1 bytes @ 0x0
    98                           
    99                           
   100                           ; 1 bytes @ 0x0
   101  000C                     	ds	1
   102                           
   103                           	psect	maintext
   104  03F0                     __pmaintext:	
   105 ;;
   106 ;;Main: autosize = 0, tempsize = 1, incstack = 0, save=0
   107 ;;
   108 ;; *************** function _main *****************
   109 ;; Defined at:
   110 ;;		line 18 in file "main.c"
   111 ;; Parameters:    Size  Location     Type
   112 ;;		None
   113 ;; Auto vars:     Size  Location     Type
   114 ;;		None
   115 ;; Return value:  Size  Location     Type
   116 ;;                  1    wreg      void 
   117 ;; Registers used:
   118 ;;		wreg, status,2, status,0
   119 ;; Tracked objects:
   120 ;;		On entry : B00/0
   121 ;;		On exit  : B00/0
   122 ;;		Unchanged: A00/0
   123 ;; Data sizes:     COMMON   BANK0
   124 ;;      Params:         0       0
   125 ;;      Locals:         0       0
   126 ;;      Temps:          0       1
   127 ;;      Totals:         0       1
   128 ;;Total ram usage:        1 bytes
   129 ;; This function calls:
   130 ;;		Nothing
   131 ;; This function is called by:
   132 ;;		Startup code after reset
   133 ;; This function uses a non-reentrant model
   134 ;;
   135                           
   136  03F0                     _main:	
   137                           ;psect for function _main
   138                           
   139                           
   140                           ;main.c: 20: TRISB &= ~(2<<1);
   141                           
   142                           ;incstack = 0
   143                           ; Regs used in _main: [wreg+status,2+status,0]
   144  03F0  30FB               	movlw	251
   145  03F1  008C               	movwf	??_main
   146  03F2  080C               	movf	??_main,w
   147  03F3  1683               	bsf	3,5	;RP0=1, select bank1
   148  03F4  2BFC               	goto	L1
   149  03F5                     l559:
   150                           
   151                           ;main.c: 24: PORTB |=(2<<1);
   152  03F5  1506               	bsf	6,2	;volatile
   153  03F6                     l557:	
   154                           ;main.c: 25: }
   155                           
   156                           
   157                           ;main.c: 22: {;main.c: 23: if(RB1 == 0){
   158  03F6  1283               	bcf	3,5	;RP0=0, select bank0
   159  03F7  1C86               	btfss	6,1	;volatile
   160  03F8  2BF5               	goto	l559
   161                           
   162                           ;main.c: 26: else{;main.c: 27: PORTB &=~(2<<1);
   163  03F9  30FB               	movlw	251
   164  03FA  008C               	movwf	??_main
   165  03FB  080C               	movf	??_main,w
   166  03FC                     L1:
   167  03FC  0586               	andwf	6,f	;volatile
   168  03FD  2BF6               	goto	l557
   169  03FE                     __end_of_main:
   170  004E                     btemp	set	78	;btemp
   171  004E                     wtemp0	set	78
   172                           
   173                           	psect	config
   174                           
   175                           ;Config register CONFIG @ 0x2007
   176                           ;	Oscillator Selection bits
   177                           ;	FOSC = EXTRC, RC oscillator
   178                           ;	Watchdog Timer
   179                           ;	WDTE = OFF, WDT disabled
   180                           ;	Power-up Timer Enable bit
   181                           ;	PWRTE = OFF, Power-up Timer is disabled
   182                           ;	Code Protection bit
   183                           ;	CP = OFF, Code protection disabled
   184  2007                     	org	8199
   185  2007  3FFB               	dw	16379

Data Sizes:
    Strings     0
    Constant    0
    Data        0
    BSS         0
    Persistent  0
    Stack       0

Auto Spaces:
    Space          Size  Autos    Used
    COMMON            0      0       0
    BANK0            66      1       1

Pointer List with Targets:

    None.

Critical Paths under _main in COMMON

    None.

Critical Paths under _main in BANK0

    None.

Call Graph Tables:

 ---------------------------------------------------------------------------------
 (Depth) Function   	        Calls       Base Space   Used Autos Params    Refs
 ---------------------------------------------------------------------------------
 (0) _main                                                 1     1      0       0
                                              0 BANK0      1     1      0
 ---------------------------------------------------------------------------------
 Estimated maximum stack depth 0
 ---------------------------------------------------------------------------------

 Call Graph Graphs:

 _main (ROOT)

 Address spaces:
Name               Size   Autos  Total    Cost      Usage
BITCOMMON            0      0       0       0        0.0%
EEDATA              40      0       0       0        0.0%
NULL                 0      0       0       0        0.0%
CODE                 0      0       0       0        0.0%
BITSFR0              0      0       0       1        0.0%
SFR0                 0      0       0       1        0.0%
COMMON               0      0       0       1        0.0%
BITSFR1              0      0       0       2        0.0%
SFR1                 0      0       0       2        0.0%
STACK                0      0       0       2        0.0%
BANK0               42      1       1       3        1.5%
ABS                  0      0       0       4        0.0%
BITBANK0            42      0       0       5        0.0%
DATA                 0      0       0       6        0.0%


Microchip Technology PIC Macro Assembler V2.36 build 20220127204148 
Symbol Table                                                                                   Mon Nov 21 22:11:49 2022

                    l557 03F6                      l559 03F5                      _RB1 0031  
                   _main 03F0                     btemp 004E                     start 0000  
                  ?_main 000C                    _PORTB 0006                    _TRISB 0086  
                  status 0003                    wtemp0 004E          __initialization 03FE  
           __end_of_main 03FE                   ??_main 000C  __end_of__initialization 03FE  
             __pmaintext 03F0     end_of_initialization 03FE      start_initialization 03FE  
              ___latbits 0000            __pcstackBANK0 000C  
