

Microchip MPLAB XC8 Assembler V2.36 build 20220127204148 
                                                                                               Wed Nov 16 00:09:18 2022

Microchip MPLAB XC8 C Compiler v2.36 (Free license) build 20220127204148 Og9 
     1                           	processor	16F84A
     2                           	pagewidth 120
     3                           	opt	flic
     4                           	psect	cinit,global,class=CODE,merge=1,delta=2
     5                           	psect	cstackBANK0,global,class=BANK0,space=1,delta=1,noexec
     6                           	psect	maintext,global,class=CODE,split=1,delta=2
     7                           	psect	config,global,abs,ovrld,class=CONFIG,space=4,delta=2,noexec
     8                           	dabs	1,0x4E,2
     9  0000                     
    10                           ; Version 2.36
    11                           ; Generated 28/01/2022 GMT
    12                           ; 
    13                           ; Copyright © 2022, Microchip Technology Inc. and its subsidiaries ("Microchip")
    14                           ; All rights reserved.
    15                           ; 
    16                           ; This software is developed by Microchip Technology Inc. and its subsidiaries ("Microch
      +                          ip").
    17                           ; 
    18                           ; Redistribution and use in source and binary forms, with or without modification, are
    19                           ; permitted provided that the following conditions are met:
    20                           ; 
    21                           ;     1. Redistributions of source code must retain the above copyright notice, this lis
      +                          t of
    22                           ;        conditions and the following disclaimer.
    23                           ; 
    24                           ;     2. Redistributions in binary form must reproduce the above copyright notice, this 
      +                          list
    25                           ;        of conditions and the following disclaimer in the documentation and/or other
    26                           ;        materials provided with the distribution. Publication is not required when
    27                           ;        this file is used in an embedded application.
    28                           ; 
    29                           ;     3. Microchip's name may not be used to endorse or promote products derived from th
      +                          is
    30                           ;        software without specific prior written permission.
    31                           ; 
    32                           ; THIS SOFTWARE IS PROVIDED BY MICROCHIP "AS IS" AND ANY EXPRESS OR IMPLIED WARRANTIES,
    33                           ; INCLUDING, BUT NOT LIMITED TO, THE IMPLIED WARRANTIES OF MERCHANTABILITY AND FITNESS F
      +                          OR
    34                           ; PURPOSE ARE DISCLAIMED.  IN NO EVENT SHALL MICROCHIP BE LIABLE FOR ANY DIRECT, INDIREC
      +                          T,
    35                           ; INCIDENTAL, SPECIAL, EXEMPLARY, OR CONSEQUENTIAL DAMAGES (INCLUDING BUT NOT LIMITED TO
    36                           ; PROCUREMENT OF SUBSTITUTE GOODS OR SERVICES; LOSS OF USE, DATA OR PROFITS; OR BUSINESS
    37                           ; INTERRUPTION) HOWSOEVER CAUSED AND ON ANY THEORY OF LIABILITY, WHETHER IN CONTRACT, ST
      +                          RICT
    38                           ; LIABILITY, OR TORT (INCLUDING NEGLIGENCE OR OTHERWISE) ARISING IN ANY WAY OUT OF THE U
      +                          SE OF
    39                           ; THIS SOFTWARE, EVEN IF ADVISED OF THE POSSIBILITY OF SUCH DAMAGE.
    40                           ; 
    41                           ; 
    42                           ; Code-generator required, PIC16F84A Definitions
    43                           ; 
    44                           ; SFR Addresses
    45  0000                     	;# 
    46  0001                     	;# 
    47  0002                     	;# 
    48  0003                     	;# 
    49  0004                     	;# 
    50  0005                     	;# 
    51  0006                     	;# 
    52  0008                     	;# 
    53  0009                     	;# 
    54  000A                     	;# 
    55  000B                     	;# 
    56  0081                     	;# 
    57  0085                     	;# 
    58  0086                     	;# 
    59  0088                     	;# 
    60  0089                     	;# 
    61  0000                     	;# 
    62  0001                     	;# 
    63  0002                     	;# 
    64  0003                     	;# 
    65  0004                     	;# 
    66  0005                     	;# 
    67  0006                     	;# 
    68  0008                     	;# 
    69  0009                     	;# 
    70  000A                     	;# 
    71  000B                     	;# 
    72  0081                     	;# 
    73  0085                     	;# 
    74  0086                     	;# 
    75  0088                     	;# 
    76  0089                     	;# 
    77  0006                     _PORTB	set	6
    78  0086                     _TRISB	set	134
    79                           
    80                           	psect	cinit
    81  03FE                     start_initialization:	
    82                           ; #config settings
    83                           
    84  03FE                     __initialization:
    85  03FE                     end_of_initialization:	
    86                           ;End of C runtime variable initialization code
    87                           
    88  03FE                     __end_of__initialization:
    89  03FE  0183               	clrf	3
    90  03FF  2BB9               	ljmp	_main	;jump to C main() function
    91                           
    92                           	psect	cstackBANK0
    93  000C                     __pcstackBANK0:
    94  000C                     ?_main:
    95  000C                     ??_main:	
    96                           ; 1 bytes @ 0x0
    97                           
    98                           
    99                           ; 1 bytes @ 0x0
   100  000C                     	ds	2
   101  000E                     main@i:
   102                           
   103                           ; 1 bytes @ 0x2
   104  000E                     	ds	1
   105  000F                     main@i_36:
   106                           
   107                           ; 1 bytes @ 0x3
   108  000F                     	ds	1
   109                           
   110                           	psect	maintext
   111  03B9                     __pmaintext:	
   112 ;;
   113 ;;Main: autosize = 0, tempsize = 2, incstack = 0, save=0
   114 ;;
   115 ;; *************** function _main *****************
   116 ;; Defined at:
   117 ;;		line 18 in file "main.c"
   118 ;; Parameters:    Size  Location     Type
   119 ;;		None
   120 ;; Auto vars:     Size  Location     Type
   121 ;;  i               1    3[BANK0 ] unsigned char 
   122 ;;  i               1    2[BANK0 ] unsigned char 
   123 ;; Return value:  Size  Location     Type
   124 ;;                  1    wreg      void 
   125 ;; Registers used:
   126 ;;		wreg, status,2, status,0
   127 ;; Tracked objects:
   128 ;;		On entry : B00/0
   129 ;;		On exit  : 100/0
   130 ;;		Unchanged: 0/0
   131 ;; Data sizes:     COMMON   BANK0
   132 ;;      Params:         0       0
   133 ;;      Locals:         0       2
   134 ;;      Temps:          0       2
   135 ;;      Totals:         0       4
   136 ;;Total ram usage:        4 bytes
   137 ;; This function calls:
   138 ;;		Nothing
   139 ;; This function is called by:
   140 ;;		Startup code after reset
   141 ;; This function uses a non-reentrant model
   142 ;;
   143                           
   144  03B9                     _main:	
   145                           ;psect for function _main
   146                           
   147                           
   148                           ;main.c: 20: TRISB=0x00;
   149                           
   150                           ;incstack = 0
   151                           ; Regs used in _main: [wreg+status,2+status,0]
   152  03B9  1683               	bsf	3,5	;RP0=1, select bank1
   153  03BA  0186               	clrf	6	;volatile
   154                           
   155                           ;main.c: 21: PORTB=0x00;
   156  03BB  1283               	bcf	3,5	;RP0=0, select bank0
   157  03BC  0186               	clrf	6	;volatile
   158  03BD                     l11:	
   159                           ;main.c: 23: while(1){
   160                           
   161                           
   162                           ;main.c: 24: for(char i=0;i<=7;i++){
   163  03BD  018E               	clrf	main@i
   164  03BE  3008               	movlw	8
   165  03BF  020E               	subwf	main@i,w
   166  03C0  1803               	btfsc	3,0
   167  03C1  2BDF               	goto	l587
   168  03C2                     l581:
   169                           
   170                           ;main.c: 25: PORTB =(1<<i);
   171  03C2  3001               	movlw	1
   172  03C3  008C               	movwf	??_main
   173  03C4  0A0E               	incf	main@i,w
   174  03C5  2BC8               	goto	u74
   175  03C6                     u75:
   176  03C6  1003               	clrc
   177  03C7  0D8C               	rlf	??_main,f
   178  03C8                     u74:
   179  03C8  3EFF               	addlw	-1
   180  03C9  1D03               	skipz
   181  03CA  2BC6               	goto	u75
   182  03CB  080C               	movf	??_main,w
   183  03CC  0086               	movwf	6	;volatile
   184                           
   185                           ;main.c: 26: _delay((unsigned long)((100)*(4000000/4000.0)));
   186  03CD  3082               	movlw	130
   187  03CE  008D               	movwf	??_main+1
   188  03CF  30DD               	movlw	221
   189  03D0  008C               	movwf	??_main
   190  03D1                     u117:
   191  03D1  0B8C               	decfsz	??_main,f
   192  03D2  2BD1               	goto	u117
   193  03D3  0B8D               	decfsz	??_main+1,f
   194  03D4  2BD1               	goto	u117
   195  03D5  2BD6               	nop2
   196  03D6  3001               	movlw	1
   197  03D7  1283               	bcf	3,5	;RP0=0, select bank0
   198  03D8  008C               	movwf	??_main
   199  03D9  080C               	movf	??_main,w
   200  03DA  078E               	addwf	main@i,f
   201  03DB  3008               	movlw	8
   202  03DC  020E               	subwf	main@i,w
   203  03DD  1C03               	skipc
   204  03DE  2BC2               	goto	l581
   205  03DF                     l587:
   206                           
   207                           ;main.c: 27: };main.c: 29: for(char i=6;i>0;i--){
   208  03DF  3006               	movlw	6
   209  03E0  008C               	movwf	??_main
   210  03E1  080C               	movf	??_main,w
   211  03E2  008F               	movwf	main@i_36
   212  03E3                     l589:
   213  03E3  080F               	movf	main@i_36,w
   214  03E4  1903               	btfsc	3,2
   215  03E5  2BBD               	goto	l11
   216                           
   217                           ;main.c: 30: PORTB = (1<<i);
   218  03E6  3001               	movlw	1
   219  03E7  008C               	movwf	??_main
   220  03E8  0A0F               	incf	main@i_36,w
   221  03E9  2BEC               	goto	u104
   222  03EA                     u105:
   223  03EA  1003               	clrc
   224  03EB  0D8C               	rlf	??_main,f
   225  03EC                     u104:
   226  03EC  3EFF               	addlw	-1
   227  03ED  1D03               	skipz
   228  03EE  2BEA               	goto	u105
   229  03EF  080C               	movf	??_main,w
   230  03F0  0086               	movwf	6	;volatile
   231                           
   232                           ;main.c: 31: _delay((unsigned long)((100)*(4000000/4000.0)));
   233  03F1  3082               	movlw	130
   234  03F2  008D               	movwf	??_main+1
   235  03F3  30DD               	movlw	221
   236  03F4  008C               	movwf	??_main
   237  03F5                     u127:
   238  03F5  0B8C               	decfsz	??_main,f
   239  03F6  2BF5               	goto	u127
   240  03F7  0B8D               	decfsz	??_main+1,f
   241  03F8  2BF5               	goto	u127
   242  03F9  2BFA               	nop2
   243  03FA  3001               	movlw	1
   244  03FB  1283               	bcf	3,5	;RP0=0, select bank0
   245  03FC  028F               	subwf	main@i_36,f
   246  03FD  2BE3               	goto	l589
   247  03FE                     __end_of_main:
   248  004E                     btemp	set	78	;btemp
   249  004E                     wtemp0	set	78
   250                           
   251                           	psect	config
   252                           
   253                           ;Config register CONFIG @ 0x2007
   254                           ;	Oscillator Selection bits
   255                           ;	FOSC = XT, XT oscillator
   256                           ;	Watchdog Timer
   257                           ;	WDTE = OFF, WDT disabled
   258                           ;	Power-up Timer Enable bit
   259                           ;	PWRTE = OFF, Power-up Timer is disabled
   260                           ;	Code Protection bit
   261                           ;	CP = OFF, Code protection disabled
   262  2007                     	org	8199
   263  2007  3FF9               	dw	16377

Data Sizes:
    Strings     0
    Constant    0
    Data        0
    BSS         0
    Persistent  0
    Stack       0

Auto Spaces:
    Space          Size  Autos    Used
    COMMON            0      0       0
    BANK0            66      4       4

Pointer List with Targets:

    None.

Critical Paths under _main in COMMON

    None.

Critical Paths under _main in BANK0

    None.

Call Graph Tables:

 ---------------------------------------------------------------------------------
 (Depth) Function   	        Calls       Base Space   Used Autos Params    Refs
 ---------------------------------------------------------------------------------
 (0) _main                                                 4     4      0     136
                                              0 BANK0      4     4      0
 ---------------------------------------------------------------------------------
 Estimated maximum stack depth 0
 ---------------------------------------------------------------------------------

 Call Graph Graphs:

 _main (ROOT)

 Address spaces:
Name               Size   Autos  Total    Cost      Usage
BITCOMMON            0      0       0       0        0.0%
EEDATA              40      0       0       0        0.0%
NULL                 0      0       0       0        0.0%
CODE                 0      0       0       0        0.0%
BITSFR0              0      0       0       1        0.0%
SFR0                 0      0       0       1        0.0%
COMMON               0      0       0       1        0.0%
BITSFR1              0      0       0       2        0.0%
SFR1                 0      0       0       2        0.0%
STACK                0      0       0       2        0.0%
BANK0               42      4       4       3        6.1%
ABS                  0      0       0       4        0.0%
BITBANK0            42      0       0       5        0.0%
DATA                 0      0       0       6        0.0%


Microchip Technology PIC Macro Assembler V2.36 build 20220127204148 
Symbol Table                                                                                   Wed Nov 16 00:09:18 2022

                     l11 03BD                       u74 03C8                       u75 03C6  
                    l581 03C2                      l587 03DF                      l589 03E3  
                    u104 03EC                      u105 03EA                      u117 03D1  
                    u127 03F5                     _main 03B9                     btemp 004E  
                   start 0000                    ?_main 000C                    _PORTB 0006  
                  _TRISB 0086                    main@i 000E                    status 0003  
                  wtemp0 004E          __initialization 03FE             __end_of_main 03FE  
                 ??_main 000C  __end_of__initialization 03FE               __pmaintext 03B9  
   end_of_initialization 03FE      start_initialization 03FE                ___latbits 0000  
          __pcstackBANK0 000C                 main@i_36 000F  
