

Microchip MPLAB XC8 Assembler V2.36 build 20220127204148 
                                                                                               Fri Nov 25 21:21:01 2022

Microchip MPLAB XC8 C Compiler v2.36 (Free license) build 20220127204148 Og9 
     1                           	processor	16F84A
     2                           	pagewidth 120
     3                           	opt	flic
     4                           	psect	cinit,global,class=CODE,merge=1,delta=2
     5                           	psect	cstackBANK0,global,class=BANK0,space=1,delta=1,noexec
     6                           	psect	maintext,global,class=CODE,split=1,delta=2
     7                           	psect	text1,local,class=CODE,merge=1,delta=2
     8                           	psect	intentry,global,class=CODE,delta=2
     9                           	psect	config,global,abs,ovrld,class=CONFIG,space=4,delta=2,noexec
    10                           	dabs	1,0x4E,2
    11  0000                     
    12                           ; Version 2.36
    13                           ; Generated 28/01/2022 GMT
    14                           ; 
    15                           ; Copyright © 2022, Microchip Technology Inc. and its subsidiaries ("Microchip")
    16                           ; All rights reserved.
    17                           ; 
    18                           ; This software is developed by Microchip Technology Inc. and its subsidiaries ("Microch
      +                          ip").
    19                           ; 
    20                           ; Redistribution and use in source and binary forms, with or without modification, are
    21                           ; permitted provided that the following conditions are met:
    22                           ; 
    23                           ;     1. Redistributions of source code must retain the above copyright notice, this lis
      +                          t of
    24                           ;        conditions and the following disclaimer.
    25                           ; 
    26                           ;     2. Redistributions in binary form must reproduce the above copyright notice, this 
      +                          list
    27                           ;        of conditions and the following disclaimer in the documentation and/or other
    28                           ;        materials provided with the distribution. Publication is not required when
    29                           ;        this file is used in an embedded application.
    30                           ; 
    31                           ;     3. Microchip's name may not be used to endorse or promote products derived from th
      +                          is
    32                           ;        software without specific prior written permission.
    33                           ; 
    34                           ; THIS SOFTWARE IS PROVIDED BY MICROCHIP "AS IS" AND ANY EXPRESS OR IMPLIED WARRANTIES,
    35                           ; INCLUDING, BUT NOT LIMITED TO, THE IMPLIED WARRANTIES OF MERCHANTABILITY AND FITNESS F
      +                          OR
    36                           ; PURPOSE ARE DISCLAIMED.  IN NO EVENT SHALL MICROCHIP BE LIABLE FOR ANY DIRECT, INDIREC
      +                          T,
    37                           ; INCIDENTAL, SPECIAL, EXEMPLARY, OR CONSEQUENTIAL DAMAGES (INCLUDING BUT NOT LIMITED TO
    38                           ; PROCUREMENT OF SUBSTITUTE GOODS OR SERVICES; LOSS OF USE, DATA OR PROFITS; OR BUSINESS
    39                           ; INTERRUPTION) HOWSOEVER CAUSED AND ON ANY THEORY OF LIABILITY, WHETHER IN CONTRACT, ST
      +                          RICT
    40                           ; LIABILITY, OR TORT (INCLUDING NEGLIGENCE OR OTHERWISE) ARISING IN ANY WAY OUT OF THE U
      +                          SE OF
    41                           ; THIS SOFTWARE, EVEN IF ADVISED OF THE POSSIBILITY OF SUCH DAMAGE.
    42                           ; 
    43                           ; 
    44                           ; Code-generator required, PIC16F84A Definitions
    45                           ; 
    46                           ; SFR Addresses
    47  0000                     	;# 
    48  0001                     	;# 
    49  0002                     	;# 
    50  0003                     	;# 
    51  0004                     	;# 
    52  0005                     	;# 
    53  0006                     	;# 
    54  0008                     	;# 
    55  0009                     	;# 
    56  000A                     	;# 
    57  000B                     	;# 
    58  0081                     	;# 
    59  0085                     	;# 
    60  0086                     	;# 
    61  0088                     	;# 
    62  0089                     	;# 
    63  0000                     	;# 
    64  0001                     	;# 
    65  0002                     	;# 
    66  0003                     	;# 
    67  0004                     	;# 
    68  0005                     	;# 
    69  0006                     	;# 
    70  0008                     	;# 
    71  0009                     	;# 
    72  000A                     	;# 
    73  000B                     	;# 
    74  0081                     	;# 
    75  0085                     	;# 
    76  0086                     	;# 
    77  0088                     	;# 
    78  0089                     	;# 
    79  0006                     _PORTB	set	6
    80  0005                     _PORTA	set	5
    81  000B                     _INTCON	set	11
    82  005F                     _GIE	set	95
    83  0037                     _RB7	set	55
    84  0036                     _RB6	set	54
    85  0035                     _RB5	set	53
    86  0034                     _RB4	set	52
    87  0085                     _TRISA	set	133
    88  0086                     _TRISB	set	134
    89                           
    90                           	psect	cinit
    91  000C                     start_initialization:	
    92                           ; #config settings
    93                           
    94  000C                     __initialization:
    95  000C                     end_of_initialization:	
    96                           ;End of C runtime variable initialization code
    97                           
    98  000C                     __end_of__initialization:
    99  000C  0183               	clrf	3
   100  000D  2861               	ljmp	_main	;jump to C main() function
   101                           
   102                           	psect	cstackBANK0
   103  000C                     __pcstackBANK0:
   104  000C                     ?_PORTB_KESME:
   105  000C                     ??_PORTB_KESME:	
   106                           ; 1 bytes @ 0x0
   107                           
   108  000C                     ?_main:	
   109                           ; 1 bytes @ 0x0
   110                           
   111                           
   112                           ; 1 bytes @ 0x0
   113  000C                     	ds	16
   114  001C                     ??_main:
   115                           
   116                           ; 1 bytes @ 0x10
   117  001C                     	ds	2
   118                           
   119                           	psect	maintext
   120  0061                     __pmaintext:	
   121 ;;
   122 ;;Main: autosize = 0, tempsize = 2, incstack = 0, save=0
   123 ;;
   124 ;; *************** function _main *****************
   125 ;; Defined at:
   126 ;;		line 32 in file "newmain.c"
   127 ;; Parameters:    Size  Location     Type
   128 ;;		None
   129 ;; Auto vars:     Size  Location     Type
   130 ;;		None
   131 ;; Return value:  Size  Location     Type
   132 ;;                  1    wreg      void 
   133 ;; Registers used:
   134 ;;		wreg, status,2, status,0
   135 ;; Tracked objects:
   136 ;;		On entry : B00/0
   137 ;;		On exit  : 0/0
   138 ;;		Unchanged: 0/0
   139 ;; Data sizes:     COMMON   BANK0
   140 ;;      Params:         0       0
   141 ;;      Locals:         0       0
   142 ;;      Temps:          0       2
   143 ;;      Totals:         0       2
   144 ;;Total ram usage:        2 bytes
   145 ;; Hardware stack levels required when called: 1
   146 ;; This function calls:
   147 ;;		Nothing
   148 ;; This function is called by:
   149 ;;		Startup code after reset
   150 ;; This function uses a non-reentrant model
   151 ;;
   152                           
   153  0061                     _main:	
   154                           ;psect for function _main
   155                           
   156                           
   157                           ;newmain.c: 34: GIE=1;
   158                           
   159                           ;incstack = 0
   160                           ; Regs used in _main: [wreg+status,2+status,0]
   161  0061  178B               	bsf	11,7	;volatile
   162                           
   163                           ;newmain.c: 36: INTCON |= 1<<3;
   164  0062  158B               	bsf	11,3	;volatile
   165                           
   166                           ;newmain.c: 37: TRISB=0xF0;
   167  0063  30F0               	movlw	240
   168  0064  1683               	bsf	3,5	;RP0=1, select bank1
   169  0065  0086               	movwf	6	;volatile
   170                           
   171                           ;newmain.c: 38: TRISA &= ~(1<<0);
   172  0066  30FE               	movlw	254
   173  0067  1283               	bcf	3,5	;RP0=0, select bank0
   174  0068  009C               	movwf	??_main
   175  0069  081C               	movf	??_main,w
   176  006A  1683               	bsf	3,5	;RP0=1, select bank1
   177  006B  0585               	andwf	5,f	;volatile
   178                           
   179                           ;newmain.c: 39: PORTA=0;
   180  006C  1283               	bcf	3,5	;RP0=0, select bank0
   181  006D  0185               	clrf	5	;volatile
   182  006E                     l611:
   183                           
   184                           ;newmain.c: 42: PORTB |=1<<1;
   185  006E  1283               	bcf	3,5	;RP0=0, select bank0
   186  006F  1486               	bsf	6,1	;volatile
   187                           
   188                           ;newmain.c: 43: _delay((unsigned long)((100)*(4000000/4000.0)));
   189  0070  3082               	movlw	130
   190  0071  009D               	movwf	??_main+1
   191  0072  30DD               	movlw	221
   192  0073  009C               	movwf	??_main
   193  0074                     u37:
   194  0074  0B9C               	decfsz	??_main,f
   195  0075  2874               	goto	u37
   196  0076  0B9D               	decfsz	??_main+1,f
   197  0077  2874               	goto	u37
   198  0078  2879               	nop2
   199                           
   200                           ;newmain.c: 44: PORTB &=~(1<<1);
   201  0079  30FD               	movlw	253
   202  007A  1283               	bcf	3,5	;RP0=0, select bank0
   203  007B  009C               	movwf	??_main
   204  007C  081C               	movf	??_main,w
   205  007D  0586               	andwf	6,f	;volatile
   206                           
   207                           ;newmain.c: 45: _delay((unsigned long)((100)*(4000000/4000.0)));
   208  007E  3082               	movlw	130
   209  007F  009D               	movwf	??_main+1
   210  0080  30DD               	movlw	221
   211  0081  009C               	movwf	??_main
   212  0082                     u47:
   213  0082  0B9C               	decfsz	??_main,f
   214  0083  2882               	goto	u47
   215  0084  0B9D               	decfsz	??_main+1,f
   216  0085  2882               	goto	u47
   217  0086  2887               	nop2
   218  0087  286E               	goto	l611
   219  0088                     __end_of_main:
   220                           
   221                           	psect	text1
   222  000E                     __ptext1:	
   223 ;; *************** function _PORTB_KESME *****************
   224 ;; Defined at:
   225 ;;		line 17 in file "newmain.c"
   226 ;; Parameters:    Size  Location     Type
   227 ;;		None
   228 ;; Auto vars:     Size  Location     Type
   229 ;;		None
   230 ;; Return value:  Size  Location     Type
   231 ;;                  1    wreg      void 
   232 ;; Registers used:
   233 ;;		wreg, status,2, status,0
   234 ;; Tracked objects:
   235 ;;		On entry : 0/0
   236 ;;		On exit  : 100/0
   237 ;;		Unchanged: 0/0
   238 ;; Data sizes:     COMMON   BANK0
   239 ;;      Params:         0       0
   240 ;;      Locals:         0       0
   241 ;;      Temps:          0      16
   242 ;;      Totals:         0      16
   243 ;;Total ram usage:       16 bytes
   244 ;; Hardware stack levels used: 1
   245 ;; This function calls:
   246 ;;		Nothing
   247 ;; This function is called by:
   248 ;;		Interrupt level 1
   249 ;; This function uses a non-reentrant model
   250 ;;
   251                           
   252  000E                     _PORTB_KESME:	
   253                           ;psect for function _PORTB_KESME
   254                           
   255                           
   256                           ;newmain.c: 19: if(INTCON &(1<<0)==1 & (RB4==1) |;newmain.c: 20: (RB5==1) |;newmain.c: 2
      +                          1: (RB6==1) |;newmain.c: 22: (RB7==1) ){
   257  000E  1003               	clrc
   258  000F  1B86               	btfsc	6,7	;volatile
   259  0010  1403               	setc
   260  0011  3000               	movlw	0
   261  0012  1803               	skipnc
   262  0013  3001               	movlw	1
   263  0014  008C               	movwf	??_PORTB_KESME
   264  0015  018D               	clrf	??_PORTB_KESME+1
   265  0016  1003               	clrc
   266  0017  1B06               	btfsc	6,6	;volatile
   267  0018  1403               	setc
   268  0019  3000               	movlw	0
   269  001A  1803               	skipnc
   270  001B  3001               	movlw	1
   271  001C  008E               	movwf	??_PORTB_KESME+2
   272  001D  018F               	clrf	??_PORTB_KESME+3
   273  001E  1003               	clrc
   274  001F  1A86               	btfsc	6,5	;volatile
   275  0020  1403               	setc
   276  0021  3000               	movlw	0
   277  0022  1803               	skipnc
   278  0023  3001               	movlw	1
   279  0024  0090               	movwf	??_PORTB_KESME+4
   280  0025  0191               	clrf	??_PORTB_KESME+5
   281  0026  3000               	movlw	0
   282  0027  1A06               	btfsc	6,4	;volatile
   283  0028  3001               	movlw	1
   284  0029  050B               	andwf	11,w	;volatile
   285  002A  0092               	movwf	??_PORTB_KESME+6
   286  002B  3001               	movlw	1
   287  002C  0512               	andwf	??_PORTB_KESME+6,w
   288  002D  0093               	movwf	??_PORTB_KESME+7
   289  002E  0810               	movf	??_PORTB_KESME+4,w
   290  002F  0413               	iorwf	??_PORTB_KESME+7,w
   291  0030  0094               	movwf	??_PORTB_KESME+8
   292  0031  0811               	movf	??_PORTB_KESME+5,w
   293  0032  0095               	movwf	??_PORTB_KESME+9
   294  0033  080E               	movf	??_PORTB_KESME+2,w
   295  0034  0414               	iorwf	??_PORTB_KESME+8,w
   296  0035  0096               	movwf	??_PORTB_KESME+10
   297  0036  080F               	movf	??_PORTB_KESME+3,w
   298  0037  0415               	iorwf	??_PORTB_KESME+9,w
   299  0038  0097               	movwf	??_PORTB_KESME+11
   300  0039  080C               	movf	??_PORTB_KESME,w
   301  003A  0416               	iorwf	??_PORTB_KESME+10,w
   302  003B  0098               	movwf	??_PORTB_KESME+12
   303  003C  080D               	movf	??_PORTB_KESME+1,w
   304  003D  0417               	iorwf	??_PORTB_KESME+11,w
   305  003E  0099               	movwf	??_PORTB_KESME+13
   306  003F  0818               	movf	??_PORTB_KESME+12,w
   307  0040  0419               	iorwf	??_PORTB_KESME+13,w
   308  0041  1903               	btfsc	3,2
   309  0042  2856               	goto	i1l601
   310                           
   311                           ;newmain.c: 24: PORTA |=(1<<0);
   312  0043  1405               	bsf	5,0	;volatile
   313                           
   314                           ;newmain.c: 25: _delay((unsigned long)((2000)*(4000000/4000.0)));
   315  0044  300B               	movlw	11
   316  0045  008E               	movwf	??_PORTB_KESME+2
   317  0046  3026               	movlw	38
   318  0047  008D               	movwf	??_PORTB_KESME+1
   319  0048  305D               	movlw	93
   320  0049  008C               	movwf	??_PORTB_KESME
   321  004A                     u5_27:
   322  004A  0B8C               	decfsz	??_PORTB_KESME,f
   323  004B  284A               	goto	u5_27
   324  004C  0B8D               	decfsz	??_PORTB_KESME+1,f
   325  004D  284A               	goto	u5_27
   326  004E  0B8E               	decfsz	??_PORTB_KESME+2,f
   327  004F  284A               	goto	u5_27
   328  0050  2851               	nop2
   329                           
   330                           ;newmain.c: 26: PORTA &=~(1<<0);
   331  0051  30FE               	movlw	254
   332  0052  1283               	bcf	3,5	;RP0=0, select bank0
   333  0053  008C               	movwf	??_PORTB_KESME
   334  0054  080C               	movf	??_PORTB_KESME,w
   335  0055  0585               	andwf	5,f	;volatile
   336  0056                     i1l601:
   337                           
   338                           ;newmain.c: 28: };newmain.c: 29: INTCON &=~(1<<0);
   339  0056  30FE               	movlw	254
   340  0057  008C               	movwf	??_PORTB_KESME
   341  0058  080C               	movf	??_PORTB_KESME,w
   342  0059  058B               	andwf	11,f	;volatile
   343  005A  081B               	movf	??_PORTB_KESME+15,w
   344  005B  008A               	movwf	10
   345  005C  0E1A               	swapf	??_PORTB_KESME+14,w
   346  005D  0083               	movwf	3
   347  005E  0ECE               	swapf	78,f
   348  005F  0E4E               	swapf	78,w
   349  0060  0009               	retfie
   350  0061                     __end_of_PORTB_KESME:
   351  004E                     btemp	set	78	;btemp
   352  004E                     wtemp0	set	78
   353                           
   354                           	psect	intentry
   355  0004                     __pintentry:	
   356                           ;incstack = 0
   357                           ; Regs used in _PORTB_KESME: [wreg+status,2+status,0]
   358                           
   359  0004                     interrupt_function:
   360  004E                     saved_w	set	btemp
   361  0004  00CE               	movwf	btemp
   362  0005  0E03               	swapf	3,w
   363  0006  1283               	bcf	3,5	;RP0=0, select bank0
   364  0007  009A               	movwf	??_PORTB_KESME+14
   365  0008  080A               	movf	10,w
   366  0009  009B               	movwf	??_PORTB_KESME+15
   367  000A  280E               	ljmp	_PORTB_KESME
   368                           
   369                           	psect	config
   370                           
   371                           ;Config register CONFIG @ 0x2007
   372                           ;	Oscillator Selection bits
   373                           ;	FOSC = XT, XT oscillator
   374                           ;	Watchdog Timer
   375                           ;	WDTE = OFF, WDT disabled
   376                           ;	Power-up Timer Enable bit
   377                           ;	PWRTE = OFF, Power-up Timer is disabled
   378                           ;	Code Protection bit
   379                           ;	CP = OFF, Code protection disabled
   380  2007                     	org	8199
   381  2007  3FF9               	dw	16377

Data Sizes:
    Strings     0
    Constant    0
    Data        0
    BSS         0
    Persistent  0
    Stack       0

Auto Spaces:
    Space          Size  Autos    Used
    COMMON            0      0       0
    BANK0            66     18      18

Pointer List with Targets:

    None.

Critical Paths under _main in COMMON

    None.

Critical Paths under _PORTB_KESME in COMMON

    None.

Critical Paths under _main in BANK0

    None.

Critical Paths under _PORTB_KESME in BANK0

    None.

Call Graph Tables:

 ---------------------------------------------------------------------------------
 (Depth) Function   	        Calls       Base Space   Used Autos Params    Refs
 ---------------------------------------------------------------------------------
 (0) _main                                                 2     2      0       0
                                             16 BANK0      2     2      0
 ---------------------------------------------------------------------------------
 Estimated maximum stack depth 0
 ---------------------------------------------------------------------------------
 (Depth) Function   	        Calls       Base Space   Used Autos Params    Refs
 ---------------------------------------------------------------------------------
 (1) _PORTB_KESME                                         16    16      0       0
                                              0 BANK0     16    16      0
 ---------------------------------------------------------------------------------
 Estimated maximum stack depth 1
 ---------------------------------------------------------------------------------

 Call Graph Graphs:

 _main (ROOT)

 _PORTB_KESME (ROOT)

 Address spaces:
Name               Size   Autos  Total    Cost      Usage
BITCOMMON            0      0       0       0        0.0%
EEDATA              40      0       0       0        0.0%
NULL                 0      0       0       0        0.0%
CODE                 0      0       0       0        0.0%
BITSFR0              0      0       0       1        0.0%
SFR0                 0      0       0       1        0.0%
COMMON               0      0       0       1        0.0%
BITSFR1              0      0       0       2        0.0%
SFR1                 0      0       0       2        0.0%
STACK                0      0       0       2        0.0%
BANK0               42     12      12       3       27.3%
ABS                  0      0       0       4        0.0%
BITBANK0            42      0       0       5        0.0%
DATA                 0      0       0       6        0.0%


Microchip Technology PIC Macro Assembler V2.36 build 20220127204148 
Symbol Table                                                                                   Fri Nov 25 21:21:01 2022

                     u37 0074                       u47 0082                      l611 006E  
                    _GIE 005F                      _RB4 0034                      _RB5 0035  
                    _RB6 0036                      _RB7 0037                     u5_27 004A  
                   _main 0061                     btemp 004E                     start 000B  
                  ?_main 000C                    i1l601 0056                    _PORTA 0005  
                  _PORTB 0006                    _TRISA 0085                    _TRISB 0086  
                  pclath 000A                    status 0003                    wtemp0 004E  
        __initialization 000C             __end_of_main 0088                   ??_main 001C  
                 _INTCON 000B             ?_PORTB_KESME 000C                   saved_w 004E  
__end_of__initialization 000C               __pmaintext 0061               __pintentry 0004  
                __ptext1 000E     end_of_initialization 000C      start_initialization 000C  
              ___latbits 0000            __pcstackBANK0 000C        interrupt_function 0004  
          ??_PORTB_KESME 000C      __end_of_PORTB_KESME 0061                 intlevel1 0000  
            _PORTB_KESME 000E  
