

Microchip MPLAB XC8 Assembler V2.36 build 20220127204148 
                                                                                               Sun Nov 13 23:12:10 2022

Microchip MPLAB XC8 C Compiler v2.36 (Free license) build 20220127204148 Og9 
     1                           	processor	16F84A
     2                           	pagewidth 120
     3                           	opt	flic
     4                           	psect	cinit,global,class=CODE,merge=1,delta=2
     5                           	psect	cstackCOMMON,global,class=COMMON,space=1,delta=1,noexec
     6                           	psect	cstackBANK0,global,class=BANK0,space=1,delta=1,noexec
     7                           	psect	maintext,global,class=CODE,split=1,delta=2
     8                           	psect	config,global,abs,ovrld,class=CONFIG,space=4,delta=2,noexec
     9                           	dabs	1,0x4E,2
    10  0000                     
    11                           ; Version 2.36
    12                           ; Generated 28/01/2022 GMT
    13                           ; 
    14                           ; Copyright © 2022, Microchip Technology Inc. and its subsidiaries ("Microchip")
    15                           ; All rights reserved.
    16                           ; 
    17                           ; This software is developed by Microchip Technology Inc. and its subsidiaries ("Microch
      +                          ip").
    18                           ; 
    19                           ; Redistribution and use in source and binary forms, with or without modification, are
    20                           ; permitted provided that the following conditions are met:
    21                           ; 
    22                           ;     1. Redistributions of source code must retain the above copyright notice, this lis
      +                          t of
    23                           ;        conditions and the following disclaimer.
    24                           ; 
    25                           ;     2. Redistributions in binary form must reproduce the above copyright notice, this 
      +                          list
    26                           ;        of conditions and the following disclaimer in the documentation and/or other
    27                           ;        materials provided with the distribution. Publication is not required when
    28                           ;        this file is used in an embedded application.
    29                           ; 
    30                           ;     3. Microchip's name may not be used to endorse or promote products derived from th
      +                          is
    31                           ;        software without specific prior written permission.
    32                           ; 
    33                           ; THIS SOFTWARE IS PROVIDED BY MICROCHIP "AS IS" AND ANY EXPRESS OR IMPLIED WARRANTIES,
    34                           ; INCLUDING, BUT NOT LIMITED TO, THE IMPLIED WARRANTIES OF MERCHANTABILITY AND FITNESS F
      +                          OR
    35                           ; PURPOSE ARE DISCLAIMED.  IN NO EVENT SHALL MICROCHIP BE LIABLE FOR ANY DIRECT, INDIREC
      +                          T,
    36                           ; INCIDENTAL, SPECIAL, EXEMPLARY, OR CONSEQUENTIAL DAMAGES (INCLUDING BUT NOT LIMITED TO
    37                           ; PROCUREMENT OF SUBSTITUTE GOODS OR SERVICES; LOSS OF USE, DATA OR PROFITS; OR BUSINESS
    38                           ; INTERRUPTION) HOWSOEVER CAUSED AND ON ANY THEORY OF LIABILITY, WHETHER IN CONTRACT, ST
      +                          RICT
    39                           ; LIABILITY, OR TORT (INCLUDING NEGLIGENCE OR OTHERWISE) ARISING IN ANY WAY OUT OF THE U
      +                          SE OF
    40                           ; THIS SOFTWARE, EVEN IF ADVISED OF THE POSSIBILITY OF SUCH DAMAGE.
    41                           ; 
    42                           ; 
    43                           ; Code-generator required, PIC16F84A Definitions
    44                           ; 
    45                           ; SFR Addresses
    46  0000                     	;# 
    47  0001                     	;# 
    48  0002                     	;# 
    49  0003                     	;# 
    50  0004                     	;# 
    51  0005                     	;# 
    52  0006                     	;# 
    53  0008                     	;# 
    54  0009                     	;# 
    55  000A                     	;# 
    56  000B                     	;# 
    57  0081                     	;# 
    58  0085                     	;# 
    59  0086                     	;# 
    60  0088                     	;# 
    61  0089                     	;# 
    62  0000                     	;# 
    63  0001                     	;# 
    64  0002                     	;# 
    65  0003                     	;# 
    66  0004                     	;# 
    67  0005                     	;# 
    68  0006                     	;# 
    69  0008                     	;# 
    70  0009                     	;# 
    71  000A                     	;# 
    72  000B                     	;# 
    73  0081                     	;# 
    74  0085                     	;# 
    75  0086                     	;# 
    76  0088                     	;# 
    77  0089                     	;# 
    78  0005                     _PORTA	set	5
    79  0085                     _TRISA	set	133
    80                           
    81                           	psect	cinit
    82  03FE                     start_initialization:	
    83                           ; #config settings
    84                           
    85  03FE                     __initialization:
    86  03FE                     end_of_initialization:	
    87                           ;End of C runtime variable initialization code
    88                           
    89  03FE                     __end_of__initialization:
    90  03FE  0183               	clrf	3
    91  03FF  2BF8               	ljmp	_main	;jump to C main() function
    92                           
    93                           	psect	cstackCOMMON
    94  0000                     __pcstackCOMMON:
    95  0000                     ??_main:
    96                           
    97                           	psect	cstackBANK0
    98  0000                     __pcstackBANK0:	
    99                           ; 1 bytes @ 0x0
   100                           
   101  0000                     ?_main:
   102                           
   103                           	psect	maintext
   104  03F8                     __pmaintext:	
   105                           ; 1 bytes @ 0x0
   106 ;;
   107 ;;Main: autosize = 0, tempsize = 0, incstack = 0, save=0
   108 ;;
   109 ;; *************** function _main *****************
   110 ;; Defined at:
   111 ;;		line 17 in file "led_yak.c"
   112 ;; Parameters:    Size  Location     Type
   113 ;;		None
   114 ;; Auto vars:     Size  Location     Type
   115 ;;		None
   116 ;; Return value:  Size  Location     Type
   117 ;;                  1    wreg      void 
   118 ;; Registers used:
   119 ;;		wreg, status,2
   120 ;; Tracked objects:
   121 ;;		On entry : B00/0
   122 ;;		On exit  : B00/0
   123 ;;		Unchanged: A00/0
   124 ;; Data sizes:     COMMON   BANK0
   125 ;;      Params:         0       0
   126 ;;      Locals:         0       0
   127 ;;      Temps:          0       0
   128 ;;      Totals:         0       0
   129 ;;Total ram usage:        0 bytes
   130 ;; This function calls:
   131 ;;		Nothing
   132 ;; This function is called by:
   133 ;;		Startup code after reset
   134 ;; This function uses a non-reentrant model
   135 ;;
   136                           
   137  03F8                     _main:	
   138                           ;psect for function _main
   139                           
   140                           
   141                           ;led_yak.c: 19: TRISA=0x00;
   142                           
   143                           ;incstack = 0
   144                           ; Regs used in _main: [wreg+status,2]
   145  03F8  1683               	bsf	3,5	;RP0=1, select bank1
   146  03F9  0185               	clrf	5	;volatile
   147                           
   148                           ;led_yak.c: 20: PORTA=0x01;
   149  03FA  3001               	movlw	1
   150  03FB  1283               	bcf	3,5	;RP0=0, select bank0
   151  03FC  0085               	movwf	5	;volatile
   152  03FD                     l9:	
   153                           ;led_yak.c: 22: while(1){
   154                           
   155  03FD  2BFD               	goto	l9
   156  03FE                     __end_of_main:
   157  004E                     btemp	set	78	;btemp
   158  004E                     wtemp0	set	78
   159                           
   160                           	psect	config
   161                           
   162                           ;Config register CONFIG @ 0x2007
   163                           ;	Oscillator Selection bits
   164                           ;	FOSC = HS, HS oscillator
   165                           ;	Watchdog Timer
   166                           ;	WDTE = OFF, WDT disabled
   167                           ;	Power-up Timer Enable bit
   168                           ;	PWRTE = OFF, Power-up Timer is disabled
   169                           ;	Code Protection bit
   170                           ;	CP = OFF, Code protection disabled
   171  2007                     	org	8199
   172  2007  3FFA               	dw	16378

Data Sizes:
    Strings     0
    Constant    0
    Data        0
    BSS         0
    Persistent  0
    Stack       0

Auto Spaces:
    Space          Size  Autos    Used
    COMMON            0      0       0
    BANK0            66      0       0

Pointer List with Targets:

    None.

Critical Paths under _main in COMMON

    None.

Critical Paths under _main in BANK0

    None.

Call Graph Tables:

 ---------------------------------------------------------------------------------
 (Depth) Function   	        Calls       Base Space   Used Autos Params    Refs
 ---------------------------------------------------------------------------------
 (0) _main                                                 0     0      0       0
 ---------------------------------------------------------------------------------
 Estimated maximum stack depth 0
 ---------------------------------------------------------------------------------

 Call Graph Graphs:

 _main (ROOT)

 Address spaces:
Name               Size   Autos  Total    Cost      Usage
BITCOMMON            0      0       0       0        0.0%
EEDATA              40      0       0       0        0.0%
NULL                 0      0       0       0        0.0%
CODE                 0      0       0       0        0.0%
BITSFR0              0      0       0       1        0.0%
SFR0                 0      0       0       1        0.0%
COMMON               0      0       0       1        0.0%
BITSFR1              0      0       0       2        0.0%
SFR1                 0      0       0       2        0.0%
STACK                0      0       0       2        0.0%
BANK0               42      0       0       3        0.0%
ABS                  0      0       0       4        0.0%
BITBANK0            42      0       0       5        0.0%
DATA                 0      0       0       6        0.0%


Microchip Technology PIC Macro Assembler V2.36 build 20220127204148 
Symbol Table                                                                                   Sun Nov 13 23:12:10 2022

                      l9 03FD                     _main 03F8                     btemp 004E  
                   start 0000                    ?_main 0000                    _PORTA 0005  
                  _TRISA 0085                    status 0003                    wtemp0 004E  
        __initialization 03FE             __end_of_main 03FE                   ??_main 0000  
__end_of__initialization 03FE           __pcstackCOMMON 0000               __pmaintext 03F8  
   end_of_initialization 03FE      start_initialization 03FE                ___latbits 0000  
          __pcstackBANK0 0000  
