

Microchip MPLAB XC8 Assembler V2.36 build 20220127204148 
                                                                                               Sat Nov 26 17:20:55 2022

Microchip MPLAB XC8 C Compiler v2.36 (Free license) build 20220127204148 Og9 
     1                           	processor	16F84A
     2                           	pagewidth 120
     3                           	opt	flic
     4                           	psect	cinit,global,class=CODE,merge=1,delta=2
     5                           	psect	bssBANK0,global,class=BANK0,space=1,delta=1,noexec
     6                           	psect	cstackBANK0,global,class=BANK0,space=1,delta=1,noexec
     7                           	psect	maintext,global,class=CODE,split=1,delta=2
     8                           	psect	config,global,abs,ovrld,class=CONFIG,space=4,delta=2,noexec
     9                           	dabs	1,0x4E,2
    10  0000                     
    11                           ; Version 2.36
    12                           ; Generated 28/01/2022 GMT
    13                           ; 
    14                           ; Copyright © 2022, Microchip Technology Inc. and its subsidiaries ("Microchip")
    15                           ; All rights reserved.
    16                           ; 
    17                           ; This software is developed by Microchip Technology Inc. and its subsidiaries ("Microch
      +                          ip").
    18                           ; 
    19                           ; Redistribution and use in source and binary forms, with or without modification, are
    20                           ; permitted provided that the following conditions are met:
    21                           ; 
    22                           ;     1. Redistributions of source code must retain the above copyright notice, this lis
      +                          t of
    23                           ;        conditions and the following disclaimer.
    24                           ; 
    25                           ;     2. Redistributions in binary form must reproduce the above copyright notice, this 
      +                          list
    26                           ;        of conditions and the following disclaimer in the documentation and/or other
    27                           ;        materials provided with the distribution. Publication is not required when
    28                           ;        this file is used in an embedded application.
    29                           ; 
    30                           ;     3. Microchip's name may not be used to endorse or promote products derived from th
      +                          is
    31                           ;        software without specific prior written permission.
    32                           ; 
    33                           ; THIS SOFTWARE IS PROVIDED BY MICROCHIP "AS IS" AND ANY EXPRESS OR IMPLIED WARRANTIES,
    34                           ; INCLUDING, BUT NOT LIMITED TO, THE IMPLIED WARRANTIES OF MERCHANTABILITY AND FITNESS F
      +                          OR
    35                           ; PURPOSE ARE DISCLAIMED.  IN NO EVENT SHALL MICROCHIP BE LIABLE FOR ANY DIRECT, INDIREC
      +                          T,
    36                           ; INCIDENTAL, SPECIAL, EXEMPLARY, OR CONSEQUENTIAL DAMAGES (INCLUDING BUT NOT LIMITED TO
    37                           ; PROCUREMENT OF SUBSTITUTE GOODS OR SERVICES; LOSS OF USE, DATA OR PROFITS; OR BUSINESS
    38                           ; INTERRUPTION) HOWSOEVER CAUSED AND ON ANY THEORY OF LIABILITY, WHETHER IN CONTRACT, ST
      +                          RICT
    39                           ; LIABILITY, OR TORT (INCLUDING NEGLIGENCE OR OTHERWISE) ARISING IN ANY WAY OUT OF THE U
      +                          SE OF
    40                           ; THIS SOFTWARE, EVEN IF ADVISED OF THE POSSIBILITY OF SUCH DAMAGE.
    41                           ; 
    42                           ; 
    43                           ; Code-generator required, PIC16F84A Definitions
    44                           ; 
    45                           ; SFR Addresses
    46  0000                     	;# 
    47  0001                     	;# 
    48  0002                     	;# 
    49  0003                     	;# 
    50  0004                     	;# 
    51  0005                     	;# 
    52  0006                     	;# 
    53  0008                     	;# 
    54  0009                     	;# 
    55  000A                     	;# 
    56  000B                     	;# 
    57  0081                     	;# 
    58  0085                     	;# 
    59  0086                     	;# 
    60  0088                     	;# 
    61  0089                     	;# 
    62  0000                     	;# 
    63  0001                     	;# 
    64  0002                     	;# 
    65  0003                     	;# 
    66  0004                     	;# 
    67  0005                     	;# 
    68  0006                     	;# 
    69  0008                     	;# 
    70  0009                     	;# 
    71  000A                     	;# 
    72  000B                     	;# 
    73  0081                     	;# 
    74  0085                     	;# 
    75  0086                     	;# 
    76  0088                     	;# 
    77  0089                     	;# 
    78  0006                     _PORTB	set	6
    79  0001                     _TMR0	set	1
    80  0030                     _RB0	set	48
    81  0086                     _TRISB	set	134
    82  0081                     _OPTION_REG	set	129
    83                           
    84                           	psect	cinit
    85  03FB                     start_initialization:	
    86                           ; #config settings
    87                           
    88  03FB                     __initialization:
    89                           
    90                           ; Clear objects allocated to BANK0
    91  03FB  1283               	bcf	3,5	;RP0=0, select bank0
    92  03FC  018C               	clrf	__pbssBANK0& (0+127)
    93  03FD  018D               	clrf	(__pbssBANK0+1)& (0+127)
    94  03FE                     end_of_initialization:	
    95                           ;End of C runtime variable initialization code
    96                           
    97  03FE                     __end_of__initialization:
    98  03FE  0183               	clrf	3
    99  03FF  2BD6               	ljmp	_main	;jump to C main() function
   100                           
   101                           	psect	bssBANK0
   102  000C                     __pbssBANK0:
   103  000C                     _sayac:
   104  000C                     	ds	2
   105                           
   106                           	psect	cstackBANK0
   107  000E                     __pcstackBANK0:
   108  000E                     ?_main:
   109  000E                     ??_main:	
   110                           ; 1 bytes @ 0x0
   111                           
   112                           
   113                           ; 1 bytes @ 0x0
   114  000E                     	ds	1
   115                           
   116                           	psect	maintext
   117  03D6                     __pmaintext:	
   118 ;;
   119 ;;Main: autosize = 0, tempsize = 1, incstack = 0, save=0
   120 ;;
   121 ;; *************** function _main *****************
   122 ;; Defined at:
   123 ;;		line 14 in file "main.c"
   124 ;; Parameters:    Size  Location     Type
   125 ;;		None
   126 ;; Auto vars:     Size  Location     Type
   127 ;;		None
   128 ;; Return value:  Size  Location     Type
   129 ;;                  1    wreg      void 
   130 ;; Registers used:
   131 ;;		wreg, status,2, status,0
   132 ;; Tracked objects:
   133 ;;		On entry : B00/0
   134 ;;		On exit  : B00/0
   135 ;;		Unchanged: A00/0
   136 ;; Data sizes:     COMMON   BANK0
   137 ;;      Params:         0       0
   138 ;;      Locals:         0       0
   139 ;;      Temps:          0       1
   140 ;;      Totals:         0       1
   141 ;;Total ram usage:        1 bytes
   142 ;; This function calls:
   143 ;;		Nothing
   144 ;; This function is called by:
   145 ;;		Startup code after reset
   146 ;; This function uses a non-reentrant model
   147 ;;
   148                           
   149  03D6                     _main:	
   150                           ;psect for function _main
   151                           
   152                           
   153                           ;main.c: 16: OPTION_REG=0x07;
   154                           
   155                           ;incstack = 0
   156                           ; Regs used in _main: [wreg+status,2+status,0]
   157  03D6  3007               	movlw	7
   158  03D7  1683               	bsf	3,5	;RP0=1, select bank1
   159  03D8  0081               	movwf	1	;volatile
   160                           
   161                           ;main.c: 18: TMR0=236;
   162  03D9  30EC               	movlw	236
   163  03DA  1283               	bcf	3,5	;RP0=0, select bank0
   164  03DB  0081               	movwf	1	;volatile
   165                           
   166                           ;main.c: 19: TRISB &=~(1<<0);
   167  03DC  30FE               	movlw	254
   168  03DD  008E               	movwf	??_main
   169  03DE  080E               	movf	??_main,w
   170  03DF  1683               	bsf	3,5	;RP0=1, select bank1
   171  03E0  0586               	andwf	6,f	;volatile
   172                           
   173                           ;main.c: 20: PORTB &=~(1<<0);
   174  03E1  30FE               	movlw	254
   175  03E2  1283               	bcf	3,5	;RP0=0, select bank0
   176  03E3  008E               	movwf	??_main
   177  03E4  080E               	movf	??_main,w
   178  03E5  0586               	andwf	6,f	;volatile
   179  03E6                     l575:
   180                           
   181                           ;main.c: 25: if(TMR0 == 0){
   182  03E6  0801               	movf	1,w	;volatile
   183  03E7  1D03               	btfss	3,2
   184  03E8  2BF1               	goto	l579
   185                           
   186                           ;main.c: 26: TMR0=236;
   187  03E9  30EC               	movlw	236
   188  03EA  0081               	movwf	1	;volatile
   189                           
   190                           ;main.c: 27: sayac+=1;
   191  03EB  3001               	movlw	1
   192  03EC  078C               	addwf	_sayac,f
   193  03ED  1803               	skipnc
   194  03EE  0A8D               	incf	_sayac+1,f
   195  03EF  3000               	movlw	0
   196  03F0  078D               	addwf	_sayac+1,f
   197  03F1                     l579:
   198                           
   199                           ;main.c: 29: };main.c: 30: if(sayac==200){
   200  03F1  30C8               	movlw	200
   201  03F2  060C               	xorwf	_sayac,w
   202  03F3  040D               	iorwf	_sayac+1,w
   203  03F4  1D03               	btfss	3,2
   204  03F5  2BE6               	goto	l575
   205                           
   206                           ;main.c: 31: RB0=RB0^1;
   207  03F6  3001               	movlw	1
   208  03F7  0686               	xorwf	6,f
   209                           
   210                           ;main.c: 32: sayac=0;
   211  03F8  018C               	clrf	_sayac
   212  03F9  018D               	clrf	_sayac+1
   213  03FA  2BE6               	goto	l575
   214  03FB                     __end_of_main:
   215  004E                     btemp	set	78	;btemp
   216  004E                     wtemp0	set	78
   217                           
   218                           	psect	config
   219                           
   220                           ;Config register CONFIG @ 0x2007
   221                           ;	Oscillator Selection bits
   222                           ;	FOSC = XT, XT oscillator
   223                           ;	Watchdog Timer
   224                           ;	WDTE = OFF, WDT disabled
   225                           ;	Power-up Timer Enable bit
   226                           ;	PWRTE = OFF, Power-up Timer is disabled
   227                           ;	Code Protection bit
   228                           ;	CP = OFF, Code protection disabled
   229  2007                     	org	8199
   230  2007  3FF9               	dw	16377

Data Sizes:
    Strings     0
    Constant    0
    Data        0
    BSS         2
    Persistent  0
    Stack       0

Auto Spaces:
    Space          Size  Autos    Used
    COMMON            0      0       0
    BANK0            66      1       3

Pointer List with Targets:

    None.

Critical Paths under _main in COMMON

    None.

Critical Paths under _main in BANK0

    None.

Call Graph Tables:

 ---------------------------------------------------------------------------------
 (Depth) Function   	        Calls       Base Space   Used Autos Params    Refs
 ---------------------------------------------------------------------------------
 (0) _main                                                 1     1      0       0
                                              0 BANK0      1     1      0
 ---------------------------------------------------------------------------------
 Estimated maximum stack depth 0
 ---------------------------------------------------------------------------------

 Call Graph Graphs:

 _main (ROOT)

 Address spaces:
Name               Size   Autos  Total    Cost      Usage
BITCOMMON            0      0       0       0        0.0%
EEDATA              40      0       0       0        0.0%
NULL                 0      0       0       0        0.0%
CODE                 0      0       0       0        0.0%
BITSFR0              0      0       0       1        0.0%
SFR0                 0      0       0       1        0.0%
COMMON               0      0       0       1        0.0%
BITSFR1              0      0       0       2        0.0%
SFR1                 0      0       0       2        0.0%
STACK                0      0       0       2        0.0%
BANK0               42      1       3       3        4.5%
ABS                  0      0       3       4        0.0%
BITBANK0            42      0       0       5        0.0%
DATA                 0      0       3       6        0.0%


Microchip Technology PIC Macro Assembler V2.36 build 20220127204148 
Symbol Table                                                                                   Sat Nov 26 17:20:55 2022

                    l575 03E6                      l579 03F1                      _RB0 0030  
                   _TMR0 0001                     _main 03D6                     btemp 004E  
                   start 0000                    ?_main 000E                    _PORTB 0006  
                  _TRISB 0086                    _sayac 000C                    status 0003  
                  wtemp0 004E          __initialization 03FB             __end_of_main 03FB  
                 ??_main 000E  __end_of__initialization 03FE               __pbssBANK0 000C  
             __pmaintext 03D6     end_of_initialization 03FE      start_initialization 03FB  
              ___latbits 0000            __pcstackBANK0 000E               _OPTION_REG 0081  
