

Microchip MPLAB XC8 Assembler V2.36 build 20220127204148 
                                                                                               Wed Nov 16 19:11:36 2022

Microchip MPLAB XC8 C Compiler v2.36 (Free license) build 20220127204148 Og9 
     1                           	processor	16F84A
     2                           	pagewidth 120
     3                           	opt	flic
     4                           	psect	idataBANK0,global,class=CODE,delta=2,noexec
     5                           	psect	cinit,global,class=CODE,merge=1,delta=2
     6                           	psect	dataBANK0,global,class=BANK0,space=1,delta=1,noexec
     7                           	psect	cstackBANK0,global,class=BANK0,space=1,delta=1,noexec
     8                           	psect	maintext,global,class=CODE,split=1,delta=2
     9                           	psect	config,global,abs,ovrld,class=CONFIG,space=4,delta=2,noexec
    10                           	dabs	1,0x4E,2
    11  0000                     
    12                           ; Version 2.36
    13                           ; Generated 28/01/2022 GMT
    14                           ; 
    15                           ; Copyright © 2022, Microchip Technology Inc. and its subsidiaries ("Microchip")
    16                           ; All rights reserved.
    17                           ; 
    18                           ; This software is developed by Microchip Technology Inc. and its subsidiaries ("Microch
      +                          ip").
    19                           ; 
    20                           ; Redistribution and use in source and binary forms, with or without modification, are
    21                           ; permitted provided that the following conditions are met:
    22                           ; 
    23                           ;     1. Redistributions of source code must retain the above copyright notice, this lis
      +                          t of
    24                           ;        conditions and the following disclaimer.
    25                           ; 
    26                           ;     2. Redistributions in binary form must reproduce the above copyright notice, this 
      +                          list
    27                           ;        of conditions and the following disclaimer in the documentation and/or other
    28                           ;        materials provided with the distribution. Publication is not required when
    29                           ;        this file is used in an embedded application.
    30                           ; 
    31                           ;     3. Microchip's name may not be used to endorse or promote products derived from th
      +                          is
    32                           ;        software without specific prior written permission.
    33                           ; 
    34                           ; THIS SOFTWARE IS PROVIDED BY MICROCHIP "AS IS" AND ANY EXPRESS OR IMPLIED WARRANTIES,
    35                           ; INCLUDING, BUT NOT LIMITED TO, THE IMPLIED WARRANTIES OF MERCHANTABILITY AND FITNESS F
      +                          OR
    36                           ; PURPOSE ARE DISCLAIMED.  IN NO EVENT SHALL MICROCHIP BE LIABLE FOR ANY DIRECT, INDIREC
      +                          T,
    37                           ; INCIDENTAL, SPECIAL, EXEMPLARY, OR CONSEQUENTIAL DAMAGES (INCLUDING BUT NOT LIMITED TO
    38                           ; PROCUREMENT OF SUBSTITUTE GOODS OR SERVICES; LOSS OF USE, DATA OR PROFITS; OR BUSINESS
    39                           ; INTERRUPTION) HOWSOEVER CAUSED AND ON ANY THEORY OF LIABILITY, WHETHER IN CONTRACT, ST
      +                          RICT
    40                           ; LIABILITY, OR TORT (INCLUDING NEGLIGENCE OR OTHERWISE) ARISING IN ANY WAY OUT OF THE U
      +                          SE OF
    41                           ; THIS SOFTWARE, EVEN IF ADVISED OF THE POSSIBILITY OF SUCH DAMAGE.
    42                           ; 
    43                           ; 
    44                           ; Code-generator required, PIC16F84A Definitions
    45                           ; 
    46                           ; SFR Addresses
    47  0000                     	;# 
    48  0001                     	;# 
    49  0002                     	;# 
    50  0003                     	;# 
    51  0004                     	;# 
    52  0005                     	;# 
    53  0006                     	;# 
    54  0008                     	;# 
    55  0009                     	;# 
    56  000A                     	;# 
    57  000B                     	;# 
    58  0081                     	;# 
    59  0085                     	;# 
    60  0086                     	;# 
    61  0088                     	;# 
    62  0089                     	;# 
    63  0000                     	;# 
    64  0001                     	;# 
    65  0002                     	;# 
    66  0003                     	;# 
    67  0004                     	;# 
    68  0005                     	;# 
    69  0006                     	;# 
    70  0008                     	;# 
    71  0009                     	;# 
    72  000A                     	;# 
    73  000B                     	;# 
    74  0081                     	;# 
    75  0085                     	;# 
    76  0086                     	;# 
    77  0088                     	;# 
    78  0089                     	;# 
    79                           
    80                           	psect	idataBANK0
    81  03BF                     __pidataBANK0:
    82                           
    83                           ;initializer for _dizi
    84  03BF  343F               	retlw	63
    85  03C0  3406               	retlw	6
    86  03C1  345B               	retlw	91
    87  03C2  344F               	retlw	79
    88  03C3  3466               	retlw	102
    89  03C4  346D               	retlw	109
    90  03C5  347C               	retlw	124
    91  03C6  3407               	retlw	7
    92  03C7  347F               	retlw	127
    93  03C8  346F               	retlw	111
    94  0006                     _PORTB	set	6
    95  0086                     _TRISB	set	134
    96                           
    97                           	psect	cinit
    98  03EA                     start_initialization:	
    99                           ; #config settings
   100                           
   101  03EA                     __initialization:
   102                           
   103                           ; Initialize objects allocated to BANK0
   104  03EA  23BF               	fcall	__pidataBANK0	;fetch initializer
   105  03EB  008C               	movwf	__pdataBANK0& (0+127)
   106  03EC  23C0               	fcall	__pidataBANK0+1	;fetch initializer
   107  03ED  008D               	movwf	(__pdataBANK0+1)& (0+127)
   108  03EE  23C1               	fcall	__pidataBANK0+2	;fetch initializer
   109  03EF  008E               	movwf	(__pdataBANK0+2)& (0+127)
   110  03F0  23C2               	fcall	__pidataBANK0+3	;fetch initializer
   111  03F1  008F               	movwf	(__pdataBANK0+3)& (0+127)
   112  03F2  23C3               	fcall	__pidataBANK0+4	;fetch initializer
   113  03F3  0090               	movwf	(__pdataBANK0+4)& (0+127)
   114  03F4  23C4               	fcall	__pidataBANK0+5	;fetch initializer
   115  03F5  0091               	movwf	(__pdataBANK0+5)& (0+127)
   116  03F6  23C5               	fcall	__pidataBANK0+6	;fetch initializer
   117  03F7  0092               	movwf	(__pdataBANK0+6)& (0+127)
   118  03F8  23C6               	fcall	__pidataBANK0+7	;fetch initializer
   119  03F9  0093               	movwf	(__pdataBANK0+7)& (0+127)
   120  03FA  23C7               	fcall	__pidataBANK0+8	;fetch initializer
   121  03FB  0094               	movwf	(__pdataBANK0+8)& (0+127)
   122  03FC  23C8               	fcall	__pidataBANK0+9	;fetch initializer
   123  03FD  0095               	movwf	(__pdataBANK0+9)& (0+127)
   124  03FE                     end_of_initialization:	
   125                           ;End of C runtime variable initialization code
   126                           
   127  03FE                     __end_of__initialization:
   128  03FE  0183               	clrf	3
   129  03FF  2BC9               	ljmp	_main	;jump to C main() function
   130                           
   131                           	psect	dataBANK0
   132  000C                     __pdataBANK0:
   133  000C                     _dizi:
   134  000C                     	ds	10
   135                           
   136                           	psect	cstackBANK0
   137  0016                     __pcstackBANK0:
   138  0016                     ?_main:
   139  0016                     ??_main:	
   140                           ; 1 bytes @ 0x0
   141                           
   142                           
   143                           ; 1 bytes @ 0x0
   144  0016                     	ds	3
   145  0019                     main@i:
   146                           
   147                           ; 1 bytes @ 0x3
   148  0019                     	ds	1
   149                           
   150                           	psect	maintext
   151  03C9                     __pmaintext:	
   152 ;;
   153 ;;Main: autosize = 0, tempsize = 3, incstack = 0, save=0
   154 ;;
   155 ;; *************** function _main *****************
   156 ;; Defined at:
   157 ;;		line 20 in file "main.c"
   158 ;; Parameters:    Size  Location     Type
   159 ;;		None
   160 ;; Auto vars:     Size  Location     Type
   161 ;;  i               1    3[BANK0 ] unsigned char 
   162 ;; Return value:  Size  Location     Type
   163 ;;                  1    wreg      void 
   164 ;; Registers used:
   165 ;;		wreg, fsr0l, fsr0h, status,2, status,0
   166 ;; Tracked objects:
   167 ;;		On entry : B00/0
   168 ;;		On exit  : 100/0
   169 ;;		Unchanged: 0/0
   170 ;; Data sizes:     COMMON   BANK0
   171 ;;      Params:         0       0
   172 ;;      Locals:         0       1
   173 ;;      Temps:          0       3
   174 ;;      Totals:         0       4
   175 ;;Total ram usage:        4 bytes
   176 ;; This function calls:
   177 ;;		Nothing
   178 ;; This function is called by:
   179 ;;		Startup code after reset
   180 ;; This function uses a non-reentrant model
   181 ;;
   182                           
   183  03C9                     _main:	
   184                           ;psect for function _main
   185                           
   186                           
   187                           ;main.c: 21: TRISB =0x00;
   188                           
   189                           ;incstack = 0
   190                           ; Regs used in _main: [wreg-fsr0h+status,2+status,0]
   191  03C9  1683               	bsf	3,5	;RP0=1, select bank1
   192  03CA  0186               	clrf	6	;volatile
   193  03CB                     l13:	
   194                           ;main.c: 24: while(1){
   195                           
   196                           
   197                           ;main.c: 25: for(char i=0;i<=9;i++)
   198  03CB  1283               	bcf	3,5	;RP0=0, select bank0
   199  03CC  0199               	clrf	main@i
   200  03CD                     l569:
   201                           
   202                           ;main.c: 26: {;main.c: 27: PORTB=dizi[i];
   203  03CD  0819               	movf	main@i,w
   204  03CE  3E0C               	addlw	(low (_dizi| 0))& (0+255)
   205  03CF  0084               	movwf	4
   206  03D0  1383               	bcf	3,7	;select IRP bank0
   207  03D1  0800               	movf	0,w
   208  03D2  0086               	movwf	6	;volatile
   209                           
   210                           ;main.c: 28: _delay((unsigned long)((1000)*(4000000/4000.0)));
   211  03D3  3006               	movlw	6
   212  03D4  0098               	movwf	??_main+2
   213  03D5  3013               	movlw	19
   214  03D6  0097               	movwf	??_main+1
   215  03D7  30AD               	movlw	173
   216  03D8  0096               	movwf	??_main
   217  03D9                     u37:
   218  03D9  0B96               	decfsz	??_main,f
   219  03DA  2BD9               	goto	u37
   220  03DB  0B97               	decfsz	??_main+1,f
   221  03DC  2BD9               	goto	u37
   222  03DD  0B98               	decfsz	??_main+2,f
   223  03DE  2BD9               	goto	u37
   224  03DF  2BE0               	nop2
   225  03E0  3001               	movlw	1
   226  03E1  1283               	bcf	3,5	;RP0=0, select bank0
   227  03E2  0096               	movwf	??_main
   228  03E3  0816               	movf	??_main,w
   229  03E4  0799               	addwf	main@i,f
   230  03E5  300A               	movlw	10
   231  03E6  0219               	subwf	main@i,w
   232  03E7  1803               	btfsc	3,0
   233  03E8  2BCB               	goto	l13
   234  03E9  2BCD               	goto	l569
   235  03EA                     __end_of_main:
   236  004E                     btemp	set	78	;btemp
   237  004E                     wtemp0	set	78
   238                           
   239                           	psect	config
   240                           
   241                           ;Config register CONFIG @ 0x2007
   242                           ;	Oscillator Selection bits
   243                           ;	FOSC = XT, XT oscillator
   244                           ;	Watchdog Timer
   245                           ;	WDTE = OFF, WDT disabled
   246                           ;	Power-up Timer Enable bit
   247                           ;	PWRTE = OFF, Power-up Timer is disabled
   248                           ;	Code Protection bit
   249                           ;	CP = OFF, Code protection disabled
   250  2007                     	org	8199
   251  2007  3FF9               	dw	16377

Data Sizes:
    Strings     0
    Constant    0
    Data        10
    BSS         0
    Persistent  0
    Stack       0

Auto Spaces:
    Space          Size  Autos    Used
    COMMON            0      0       0
    BANK0            66      4      14

Pointer List with Targets:

    None.

Critical Paths under _main in COMMON

    None.

Critical Paths under _main in BANK0

    None.

Call Graph Tables:

 ---------------------------------------------------------------------------------
 (Depth) Function   	        Calls       Base Space   Used Autos Params    Refs
 ---------------------------------------------------------------------------------
 (0) _main                                                 4     4      0      68
                                              0 BANK0      4     4      0
 ---------------------------------------------------------------------------------
 Estimated maximum stack depth 0
 ---------------------------------------------------------------------------------

 Call Graph Graphs:

 _main (ROOT)

 Address spaces:
Name               Size   Autos  Total    Cost      Usage
SFR1                 0      0       0       2        0.0%
BITSFR1              0      0       0       2        0.0%
BANK0               42      4       E       3       21.2%
BITBANK0            42      0       0       5        0.0%
SFR0                 0      0       0       1        0.0%
BITSFR0              0      0       0       1        0.0%
COMMON               0      0       0       1        0.0%
BITCOMMON            0      0       0       0        0.0%
CODE                 0      0       0       0        0.0%
DATA                 0      0       E       6        0.0%
ABS                  0      0       E       4        0.0%
NULL                 0      0       0       0        0.0%
STACK                0      0       0       2        0.0%
EEDATA              40      0       0       0        0.0%


Microchip Technology PIC Macro Assembler V2.36 build 20220127204148 
Symbol Table                                                                                   Wed Nov 16 19:11:36 2022

                     l13 03CB                       u37 03D9                      l569 03CD  
                    fsr0 0004                      indf 0000                     _dizi 000C  
                   _main 03C9                     btemp 004E                     start 0000  
                  ?_main 0016                    _PORTB 0006                    _TRISB 0086  
                  main@i 0019                    status 0003                    wtemp0 004E  
        __initialization 03EA             __end_of_main 03EA                   ??_main 0016  
__end_of__initialization 03FE             __pidataBANK0 03BF               __pmaintext 03C9  
   end_of_initialization 03FE      start_initialization 03EA              __pdataBANK0 000C  
              ___latbits 0000            __pcstackBANK0 0016  
